End of file addsub.v. Hash = 1105870549
End of file ALU.v. Hash = -1838469383
End of file bitcell_bp.v. Hash = 2022268422
End of file bitcell.v. Hash = -717043083
End of file CLA.v. Hash = 631295418
End of file cpu.v. Hash = -2061867347
End of file decoder_en.v. Hash = -532693408
End of file decoder.v. Hash = 2019638677
End of file Decode.v. Hash = 1294713622
End of file EX_MEM.v. Hash = -345034600
End of file flag.v. Hash = 2032244037
End of file ID_EX.v. Hash = -255346153
End of file IF_ID.v. Hash = 1480148655
End of file MEM_WB.v. Hash = -2073708075
End of file PC_ctrl.v. Hash = 1622772079
End of file PFA.v. Hash = 1561395992
End of file PSA.v. Hash = 1565255637
End of file RED.v. Hash = -1240757801
End of file reg_bp.v. Hash = -1124321515
End of file regfile.v. Hash = -121674968
End of file reg.v. Hash = -1124321515
End of file shifter.v. Hash = -275360877
